--- Startup times for process: Primary/TUI ---

times in msec
 clock   self+sourced   self:  sourced script
 clock   elapsed:              other lines

000.001  000.001: --- NVIM STARTING ---
000.356  000.355: event init
000.614  000.257: early init
000.720  000.106: locale set
000.846  000.127: init first window
001.789  000.943: inits 1
001.815  000.026: window checked
001.821  000.006: parsing arguments
002.889  000.088  000.088: require('vim.shared')
003.058  000.085  000.085: require('vim.inspect')
003.167  000.080  000.080: require('vim._options')
003.170  000.275  000.110: require('vim._editor')
003.173  000.419  000.056: require('vim._init_packages')
003.177  000.936: init lua interpreter
004.387  001.210: --- NVIM STARTED ---

--- Startup times for process: Embedded ---

times in msec
 clock   self+sourced   self:  sourced script
 clock   elapsed:              other lines

000.001  000.001: --- NVIM STARTING ---
000.212  000.211: event init
000.345  000.133: early init
000.412  000.067: locale set
000.484  000.073: init first window
000.971  000.487: inits 1
000.991  000.020: window checked
000.995  000.004: parsing arguments
001.917  000.073  000.073: require('vim.shared')
002.064  000.072  000.072: require('vim.inspect')
002.165  000.075  000.075: require('vim._options')
002.169  000.245  000.099: require('vim._editor')
002.171  000.413  000.095: require('vim._init_packages')
002.174  000.766: init lua interpreter
002.289  000.115: expanding arguments
002.317  000.028: inits 2
002.678  000.361: init highlight
002.679  000.001: waiting for UI
002.750  000.070: done waiting for UI
002.753  000.004: clear screen
002.811  000.009  000.009: require('vim.keymap')
003.163  000.408  000.398: require('vim._defaults')
003.165  000.004: init default mappings & autocommands
003.601  000.041  000.041: sourcing /usr/share/nvim/runtime/ftplugin.vim
003.648  000.024  000.024: sourcing /usr/share/nvim/runtime/indent.vim
003.767  000.075  000.075: sourcing /usr/share/nvim/archlinux.lua
003.772  000.100  000.025: sourcing /etc/xdg/nvim/sysinit.vim
004.246  000.088  000.088: require('main.set')
004.288  000.040  000.040: require('main.binds')
005.030  000.562  000.562: require('lazy')
005.085  000.018  000.018: require('ffi')
005.126  000.023  000.023: require('vim.fs')
005.245  000.118  000.118: require('vim.uri')
005.259  000.171  000.031: require('vim.loader')
005.533  000.257  000.257: require('lazy.stats')
005.712  000.156  000.156: require('lazy.core.util')
005.831  000.117  000.117: require('lazy.core.config')
005.953  000.057  000.057: require('lazy.core.handler')
006.084  000.130  000.130: require('lazy.core.plugin')
006.098  000.266  000.079: require('lazy.core.loader')
006.978  000.094  000.094: require('lazy.core.handler.event')
007.148  000.162  000.162: require('lazy.core.handler.ft')
007.353  000.202  000.202: require('lazy.core.handler.keys')
007.415  000.056  000.056: require('lazy.core.handler.cmd')
007.712  000.160  000.160: sourcing /usr/share/nvim/runtime/filetype.lua
007.975  000.053  000.053: sourcing /home/remilia/.local/share/nvim/lazy/plenary.nvim/plugin/plenary.vim
008.052  000.018  000.018: sourcing /home/remilia/.local/share/nvim/lazy/todo-comments.nvim/plugin/todo.vim
009.677  001.152  001.152: require('vim.filetype')
010.962  000.072  000.072: require('luasnip.util.types')
010.969  000.169  000.096: require('luasnip.util.ext_opts')
011.416  000.076  000.076: require('luasnip.util.lazy_table')
011.494  000.076  000.076: require('luasnip.extras.filetype_functions')
011.538  000.310  000.158: require('luasnip.default_config')
011.540  000.569  000.259: require('luasnip.session')
011.546  001.459  000.721: require('luasnip.config')
011.973  000.182  000.182: require('luasnip.util.util')
012.090  000.052  000.052: require('luasnip.nodes.key_indexer')
012.094  000.119  000.066: require('luasnip.nodes.util')
012.185  000.034  000.034: require('luasnip.session.snippet_collection.source')
012.297  000.110  000.110: require('luasnip.util.table')
012.319  000.021  000.021: require('luasnip.util.auto_table')
012.324  000.229  000.063: require('luasnip.session.snippet_collection')
012.415  000.030  000.030: require('luasnip.util.select')
012.445  000.029  000.029: require('luasnip.util.time')
012.676  000.320  000.261: require('luasnip.util._builtin_vars')
012.733  000.409  000.088: require('luasnip.util.environ')
012.772  000.037  000.037: require('luasnip.util.extend_decorator')
012.882  000.069  000.069: require('luasnip.util.path')
012.981  000.055  000.055: require('luasnip.util.log')
012.986  000.103  000.047: require('luasnip.loaders.util')
013.043  000.013  000.013: require('vim.F')
013.046  000.059  000.046: require('luasnip.loaders.data')
013.166  000.119  000.119: require('luasnip.loaders.fs_watchers')
013.170  000.398  000.047: require('luasnip.loaders')
013.185  001.632  000.259: require('luasnip')
013.203  004.760  000.517: sourcing /home/remilia/.local/share/nvim/lazy/LuaSnip/plugin/luasnip.lua
013.302  000.042  000.042: sourcing /home/remilia/.local/share/nvim/lazy/LuaSnip/plugin/luasnip.vim
014.127  000.036  000.036: require('nvim-treesitter.utils')
014.788  000.074  000.074: require('vim.treesitter.language')
014.815  000.023  000.023: require('vim.func')
014.839  000.021  000.021: require('vim.func._memoize')
014.881  000.293  000.176: require('vim.treesitter.query')
014.931  000.049  000.049: require('vim.treesitter._range')
014.946  000.434  000.092: require('vim.treesitter.languagetree')
014.950  000.602  000.168: require('vim.treesitter')
015.549  001.418  000.817: require('nvim-treesitter.parsers')
015.829  000.029  000.029: require('nvim-treesitter.compat')
015.905  000.047  000.047: require('nvim-treesitter.ts_utils')
015.908  000.078  000.031: require('nvim-treesitter.tsrange')
015.926  000.017  000.017: require('nvim-treesitter.caching')
015.932  000.160  000.036: require('nvim-treesitter.query')
015.946  000.281  000.121: require('nvim-treesitter.configs')
015.950  000.399  000.118: require('nvim-treesitter.info')
015.988  000.038  000.038: require('nvim-treesitter.shell_command_selectors')
016.005  001.985  000.094: require('nvim-treesitter.install')
016.022  000.015  000.015: require('nvim-treesitter.statusline')
016.044  000.022  000.022: require('nvim-treesitter.query_predicates')
016.045  002.422  000.399: require('nvim-treesitter')
016.250  002.665  000.243: sourcing /home/remilia/.local/share/nvim/lazy/nvim-treesitter/plugin/nvim-treesitter.lua
016.587  000.217  000.217: require('cmp.utils.api')
016.634  000.022  000.022: require('cmp.types.cmp')
016.683  000.023  000.023: require('cmp.utils.misc')
016.695  000.061  000.037: require('cmp.types.lsp')
016.714  000.018  000.018: require('cmp.types.vim')
016.715  000.126  000.026: require('cmp.types')
016.734  000.018  000.018: require('cmp.utils.highlight')
016.777  000.025  000.025: require('cmp.utils.debug')
016.785  000.050  000.025: require('cmp.utils.autocmd')
016.947  000.602  000.191: sourcing /home/remilia/.local/share/nvim/lazy/nvim-cmp/plugin/cmp.lua
017.102  000.028  000.028: sourcing /home/remilia/.local/share/nvim/lazy/nvim-web-devicons/plugin/nvim-web-devicons.vim
017.810  000.481  000.481: require('mini.icons')
018.682  000.263  000.263: require('oil')
018.715  000.031  000.031: require('oil.ringbuf')
018.748  000.033  000.033: require('oil.config')
019.564  000.154  000.154: require('oil.fs')
019.753  000.083  000.083: require('oil.constants')
019.761  000.189  000.105: require('oil.util')
020.184  000.109  000.109: require('vim.lsp.log')
020.484  000.298  000.298: require('vim.lsp.protocol')
020.939  000.313  000.313: require('vim.lsp._snippet_grammar')
021.010  000.067  000.067: require('vim.highlight')
021.052  000.566  000.186: require('vim.lsp.util')
021.256  000.143  000.143: require('vim.lsp.sync')
021.277  000.224  000.081: require('vim.lsp._changetracking')
021.418  000.140  000.140: require('vim.lsp.rpc')
021.474  001.596  000.260: require('vim.lsp')
021.492  001.660  000.064: sourcing /home/remilia/.local/share/nvim/lazy/nvim-lspconfig/plugin/lspconfig.lua
021.888  000.024  000.024: require('lib.log')
021.944  000.055  000.055: require('deps.msgpack')
022.033  000.087  000.087: require('deps.serpent')
022.049  000.016  000.016: require('presence.file_explorers')
022.103  000.053  000.053: require('presence.file_assets')
022.118  000.014  000.014: require('presence.plugin_managers')
022.153  000.015  000.015: require('deps.struct')
022.155  000.036  000.021: require('presence.discord')
022.158  000.461  000.176: require('presence')
022.556  000.016  000.016: sourcing /home/remilia/.local/share/nvim/lazy/presence.nvim/autoload/presence.vim
023.883  002.204  001.728: sourcing /home/remilia/.local/share/nvim/lazy/presence.nvim/plugin/presence.vim
024.326  000.143  000.143: sourcing /home/remilia/.local/share/nvim/lazy/telescope.nvim/plugin/telescope.lua
024.635  000.059  000.059: require('codeium')
024.750  000.026  000.026: require('codeium.enums')
024.967  000.043  000.043: require('plenary.bit')
024.989  000.020  000.020: require('plenary.functional')
025.013  000.140  000.077: require('plenary.path')
025.071  000.229  000.089: require('plenary.log')
025.106  000.283  000.054: require('codeium.log')
025.112  000.306  000.023: require('codeium.notify')
025.113  000.332  000.026: require('codeium.config')
025.187  000.038  000.038: require('plenary.job')
025.220  000.032  000.032: require('plenary.curl')
025.223  000.109  000.039: require('codeium.io')
025.225  000.474  000.032: require('codeium.util')
025.346  000.030  000.030: require('cmp.utils.char')
025.350  000.051  000.021: require('cmp.utils.str')
025.423  000.026  000.026: require('cmp.utils.buffer')
025.426  000.058  000.032: require('cmp.utils.keymap')
025.429  000.078  000.020: require('cmp.utils.feedkeys')
025.518  000.035  000.035: require('cmp.config.mapping')
025.536  000.017  000.017: require('cmp.utils.cache')
025.590  000.026  000.026: require('cmp.config.compare')
025.591  000.054  000.028: require('cmp.config.default')
025.600  000.142  000.037: require('cmp.config')
025.610  000.181  000.038: require('cmp.utils.async')
025.647  000.016  000.016: require('cmp.utils.pattern')
025.648  000.038  000.021: require('cmp.context')
025.765  000.021  000.021: require('cmp.matcher')
025.768  000.070  000.049: require('cmp.entry')
025.772  000.123  000.053: require('cmp.source')
025.827  000.018  000.018: require('cmp.utils.event')
025.910  000.023  000.023: require('cmp.utils.options')
025.913  000.055  000.032: require('cmp.utils.window')
025.915  000.087  000.032: require('cmp.view.docs_view')
025.969  000.054  000.054: require('cmp.view.custom_entries_view')
026.001  000.031  000.031: require('cmp.view.wildmenu_entries_view')
026.034  000.032  000.032: require('cmp.view.native_entries_view')
026.076  000.042  000.042: require('cmp.view.ghost_text_view')
026.081  000.309  000.045: require('cmp.view')
026.413  001.154  000.374: require('cmp.core')
026.514  000.030  000.030: require('cmp.config.sources')
026.541  000.025  000.025: require('cmp.config.window')
026.572  001.346  000.137: require('cmp')
026.574  001.888  000.042: require('codeium.source')
026.716  000.081  000.081: require('codeium.versions')
026.758  000.041  000.041: require('codeium.update')
026.760  000.186  000.064: require('codeium.api')
026.838  000.050  000.050: require('vim.health')
026.841  000.080  000.030: require('codeium.health')
028.169  000.113  000.113: require('codeium.virtual_text')
028.224  003.670  001.345: sourcing /home/remilia/.config/nvim/plugin/codeium.lua
029.513  000.062  000.062: require('material.util.config')
029.521  000.294  000.231: require('material.colors')
029.564  000.041  000.041: require('material.highlights.plugins')
029.626  000.062  000.062: require('material.functions')
029.662  000.035  000.035: require('material.colors.conditionals')
029.683  000.644  000.212: require('material.highlights')
029.684  001.036  000.392: require('material.util')
030.049  001.471  000.435: sourcing /home/remilia/.local/share/nvim/lazy/material.nvim/colors/material.lua
030.257  002.003  000.532: sourcing /home/remilia/.config/nvim/plugin/colorschemes.lua
030.541  000.047  000.047: sourcing /home/remilia/.local/share/nvim/lazy/dashboard-nvim/plugin/dashboard.lua
030.914  000.288  000.288: require('dashboard.utils')
030.921  000.599  000.264: require('dashboard')
030.947  000.667  000.068: sourcing /home/remilia/.config/nvim/plugin/dashboard.lua
032.058  001.097  001.097: sourcing /home/remilia/.config/nvim/plugin/discord.lua
032.477  000.205  000.205: require('gitsigns.async')
032.608  000.130  000.130: require('gitsigns.debug.log')
032.928  000.319  000.319: require('gitsigns.config')
032.941  000.772  000.118: require('gitsigns')
033.181  000.183  000.183: require('gitsigns.highlight')
033.619  000.080  000.080: require('gitsigns.debounce')
033.642  001.541  000.506: sourcing /home/remilia/.config/nvim/plugin/gitsigns.lua
033.798  000.057  000.057: require('mason-core.path')
034.006  000.122  000.122: require('mason-core.functional')
034.114  000.055  000.055: require('mason-core.functional.data')
034.119  000.103  000.048: require('mason-core.functional.function')
034.175  000.039  000.039: require('mason-core.functional.relation')
034.222  000.040  000.040: require('mason-core.functional.logic')
034.235  000.435  000.131: require('mason-core.platform')
034.303  000.067  000.067: require('mason.settings')
034.311  000.608  000.049: require('mason')
034.493  000.088  000.088: require('mason-core.functional.list')
034.563  000.066  000.066: require('mason-core.functional.string')
034.580  000.252  000.098: require('mason.api.command')
034.653  000.066  000.066: require('mason-registry.sources')
035.458  000.340  000.340: require('mason-core.log')
035.566  000.106  000.106: require('mason-lspconfig.settings')
035.574  000.901  000.454: require('mason-lspconfig')
035.889  000.123  000.123: require('mason-lspconfig.notify')
035.892  000.249  000.126: require('mason-lspconfig.lspconfig_hook')
036.478  000.585  000.585: require('lspconfig.util')
037.066  000.427  000.427: require('mason-core.functional.table')
037.104  000.624  000.197: require('mason-lspconfig.mappings.server')
037.168  000.023  000.023: require('mason-core.EventEmitter')
037.190  000.020  000.020: require('mason-core.optional')
037.241  000.028  000.028: require('mason-core.async')
037.259  000.016  000.016: require('mason-core.async.uv')
037.263  000.073  000.029: require('mason-core.fs')
037.281  000.176  000.060: require('mason-registry')
037.300  000.017  000.017: require('mason-lspconfig.server_config_extensions')
037.352  000.020  000.020: require('lspconfig.async')
037.355  000.054  000.034: require('lspconfig.configs')
037.393  000.037  000.037: require('lspconfig.server_configurations.omnisharp')
037.476  000.021  000.021: require('mason-lspconfig.ensure_installed')
037.534  000.026  000.026: require('mason-core.result')
037.654  000.067  000.067: require('mason-core.process')
037.692  000.038  000.038: require('mason-core.spawn')
037.694  000.137  000.032: require('mason-core.managers.powershell')
037.713  000.017  000.017: require('mason.version')
037.715  000.179  000.025: require('mason-core.fetch')
037.736  000.020  000.020: require('mason-core.providers')
037.845  000.055  000.055: require('mason-core.purl')
037.851  000.097  000.042: require('mason-core.package')
037.941  000.027  000.027: require('mason-core.installer.registry.expr')
037.946  000.064  000.037: require('mason-core.installer.registry.link')
038.106  000.026  000.026: require('mason-core.receipt')
038.124  000.083  000.057: require('mason-core.installer.context')
038.149  000.023  000.023: require('mason-core.async.control')
038.173  000.023  000.023: require('mason-core.installer.linker')
038.175  000.172  000.043: require('mason-core.installer')
038.183  000.208  000.036: require('mason-core.installer.managers.std')
038.184  000.238  000.030: require('mason-core.installer.registry.schemas')
038.205  000.019  000.019: require('mason-core.installer.registry.util')
038.210  000.358  000.037: require('mason-core.installer.registry')
038.212  000.475  000.020: require('mason-registry.sources.util')
038.217  000.736  000.035: require('mason-registry.sources.github')
041.743  000.021  000.021: require('mason-core.functional.number')
041.765  000.088  000.067: require('mason-lspconfig.api.command')
041.817  000.024  000.024: require('cmp_nvim_lsp.source')
041.819  000.052  000.028: require('cmp_nvim_lsp')
041.851  000.024  000.024: require('lspconfig')
041.877  000.024  000.024: require('lspconfig.server_configurations.lua_ls')
042.242  000.037  000.037: require('lspconfig.manager')
042.281  000.027  000.027: require('lspconfig.server_configurations.clangd')
043.350  009.688  005.113: sourcing /home/remilia/.config/nvim/plugin/lsp.lua
043.643  000.059  000.059: require('lualine_require')
043.920  000.453  000.395: require('lualine')
046.387  000.075  000.075: require('lualine.utils.mode')
047.982  004.563  004.034: sourcing /home/remilia/.config/nvim/plugin/lualine.lua
048.901  000.827  000.827: sourcing /home/remilia/.config/nvim/plugin/oil.lua
049.068  000.039  000.039: require('telescope._extensions')
049.073  000.090  000.051: require('telescope')
049.250  000.080  000.080: require('plenary.strings')
049.288  000.035  000.035: require('telescope.deprecated')
049.426  000.068  000.068: require('telescope.log')
049.549  000.037  000.037: require('telescope.state')
049.556  000.128  000.091: require('telescope.utils')
049.561  000.272  000.076: require('telescope.sorters')
050.974  001.900  001.513: require('telescope.config')
051.835  000.096  000.096: require('telescope.builtin')
051.863  002.919  000.833: sourcing /home/remilia/.config/nvim/plugin/telescope.lua
052.019  000.023  000.023: require('todo-comments.util')
052.028  000.078  000.054: require('todo-comments.config')
052.092  000.045  000.045: require('todo-comments.highlight')
052.094  000.065  000.020: require('todo-comments.jump')
052.096  000.172  000.030: require('todo-comments')
052.109  000.220  000.048: sourcing /home/remilia/.config/nvim/plugin/todocomments.lua
053.877  000.082  000.082: require('nvim-treesitter.highlight')
053.980  001.855  001.772: sourcing /home/remilia/.config/nvim/plugin/treesitter.lua
054.176  000.049  000.049: sourcing /usr/share/nvim/runtime/plugin/editorconfig.lua
054.364  000.164  000.164: sourcing /usr/share/nvim/runtime/plugin/gzip.vim
054.433  000.045  000.045: sourcing /usr/share/nvim/runtime/plugin/man.lua
054.865  000.137  000.137: sourcing /usr/share/nvim/runtime/pack/dist/opt/matchit/plugin/matchit.vim
054.877  000.428  000.291: sourcing /usr/share/nvim/runtime/plugin/matchit.vim
054.980  000.086  000.086: sourcing /usr/share/nvim/runtime/plugin/matchparen.vim
055.003  000.008  000.008: sourcing /usr/share/nvim/runtime/plugin/netrwPlugin.vim
055.780  000.747  000.747: sourcing /usr/share/nvim/runtime/plugin/osc52.lua
055.925  000.111  000.111: sourcing /usr/share/nvim/runtime/plugin/rplugin.vim
055.989  000.044  000.044: sourcing /usr/share/nvim/runtime/plugin/shada.vim
056.025  000.010  000.010: sourcing /usr/share/nvim/runtime/plugin/spellfile.vim
056.103  000.055  000.055: sourcing /usr/share/nvim/runtime/plugin/tarPlugin.vim
056.187  000.054  000.054: sourcing /usr/share/nvim/runtime/plugin/tohtml.lua
056.209  000.011  000.011: sourcing /usr/share/nvim/runtime/plugin/tutor.vim
056.314  000.093  000.093: sourcing /usr/share/nvim/runtime/plugin/zipPlugin.vim
056.484  000.039  000.039: sourcing /home/remilia/.local/share/nvim/lazy/cmp-nvim-lsp/after/plugin/cmp_nvim_lsp.lua
056.518  052.228  005.691: require('main.lazy')
056.519  052.715  000.359: require('main')
056.521  052.727  000.012: sourcing /home/remilia/.config/nvim/init.lua
056.526  000.468: sourcing vimrc file(s)
056.741  000.031  000.031: sourcing /usr/share/nvim/runtime/filetype.lua
056.870  000.043  000.043: sourcing /usr/share/nvim/runtime/syntax/synload.vim
056.955  000.188  000.146: sourcing /usr/share/nvim/runtime/syntax/syntax.vim
056.965  000.220: inits 3
058.649  001.683: reading ShaDa
058.896  000.057  000.057: require('luasnip.util.directed_graph')
058.949  000.051  000.051: require('luasnip.session.enqueueable_operations')
058.973  000.238  000.130: require('luasnip.loaders.from_lua')
059.383  000.057  000.057: require('luasnip.util.events')
059.394  000.161  000.104: require('luasnip.nodes.node')
059.539  000.143  000.143: require('luasnip.nodes.insertNode')
059.619  000.078  000.078: require('luasnip.nodes.textNode')
059.684  000.063  000.063: require('luasnip.util.mark')
059.728  000.043  000.043: require('luasnip.util.pattern_tokenizer')
059.758  000.029  000.029: require('luasnip.util.dict')
060.185  000.381  000.381: require('luasnip.util.jsregexp')
060.188  000.429  000.048: require('luasnip.nodes.util.trig_engines')
060.233  001.112  000.164: require('luasnip.nodes.snippet')
060.237  001.147  000.035: require('luasnip.nodes.duplicate')
060.240  001.200  000.053: require('luasnip.loaders.snippet_cache')
060.249  001.274  000.073: require('luasnip.loaders.from_snipmate')
060.554  000.193  000.193: require('luasnip.util.jsonc')
060.564  000.312  000.119: require('luasnip.loaders.from_vscode')
060.602  000.129: opening buffers
060.736  000.134: BufEnter autocommands
060.738  000.002: editing files in windows
060.764  000.027: VimEnter autocommands
062.937  000.147  000.147: require('dashboard.theme.hyper')
063.035  002.124: UIEnter autocommands
063.291  000.184  000.184: sourcing /usr/share/nvim/runtime/autoload/provider/clipboard.vim
063.296  000.078: before starting main loop
063.467  000.171: first screen update
063.468  000.001: --- NVIM STARTED ---

--- Startup times for process: Primary/TUI ---

times in msec
 clock   self+sourced   self:  sourced script
 clock   elapsed:              other lines

000.004  000.004: --- NVIM STARTING ---
000.205  000.201: event init
000.368  000.163: early init
000.449  000.081: locale set
000.536  000.087: init first window
001.151  000.614: inits 1
001.165  000.015: window checked
001.170  000.005: parsing arguments
002.157  000.070  000.070: require('vim.shared')
002.296  000.063  000.063: require('vim.inspect')
002.376  000.059  000.059: require('vim._options')
002.378  000.213  000.091: require('vim._editor')
002.381  000.336  000.053: require('vim._init_packages')
002.384  000.877: init lua interpreter
003.395  001.012: --- NVIM STARTED ---

--- Startup times for process: Embedded ---

times in msec
 clock   self+sourced   self:  sourced script
 clock   elapsed:              other lines

000.001  000.001: --- NVIM STARTING ---
000.200  000.199: event init
000.334  000.135: early init
000.398  000.064: locale set
000.464  000.066: init first window
000.920  000.456: inits 1
000.937  000.017: window checked
000.940  000.003: parsing arguments
001.680  000.056  000.056: require('vim.shared')
001.800  000.057  000.057: require('vim.inspect')
001.872  000.054  000.054: require('vim._options')
001.875  000.190  000.079: require('vim._editor')
001.877  000.280  000.033: require('vim._init_packages')
001.879  000.659: init lua interpreter
001.985  000.107: expanding arguments
002.008  000.022: inits 2
002.404  000.396: init highlight
002.405  000.002: waiting for UI
002.500  000.095: done waiting for UI
002.506  000.006: clear screen
002.593  000.012  000.012: require('vim.keymap')
003.106  000.597  000.585: require('vim._defaults')
003.109  000.006: init default mappings & autocommands
003.675  000.051  000.051: sourcing /usr/share/nvim/runtime/ftplugin.vim
003.737  000.033  000.033: sourcing /usr/share/nvim/runtime/indent.vim
003.884  000.091  000.091: sourcing /usr/share/nvim/archlinux.lua
003.889  000.123  000.032: sourcing /etc/xdg/nvim/sysinit.vim
004.482  000.106  000.106: require('main.set')
004.582  000.098  000.098: require('main.binds')
005.361  000.653  000.653: require('lazy')
005.425  000.032  000.032: require('ffi')
005.472  000.021  000.021: require('vim.fs')
005.646  000.091  000.091: require('vim.uri')
005.659  000.231  000.118: require('vim.loader')
005.878  000.203  000.203: require('lazy.stats')
005.997  000.102  000.102: require('lazy.core.util')
006.107  000.107  000.107: require('lazy.core.config')
006.287  000.078  000.078: require('lazy.core.handler')
006.423  000.133  000.133: require('lazy.core.plugin')
006.440  000.331  000.120: require('lazy.core.loader')
007.493  000.102  000.102: require('lazy.core.handler.cmd')
007.927  000.251  000.251: require('lazy.core.handler.event')
007.931  000.431  000.179: require('lazy.core.handler.ft')
008.059  000.122  000.122: require('lazy.core.handler.keys')
008.380  000.190  000.190: sourcing /usr/share/nvim/runtime/filetype.lua
008.648  000.040  000.040: sourcing /home/remilia/.local/share/nvim/lazy/plenary.nvim/plugin/plenary.vim
009.075  000.364  000.364: sourcing /home/remilia/.local/share/nvim/lazy/telescope.nvim/plugin/telescope.lua
009.766  000.045  000.045: require('vim.lsp.log')
010.350  000.580  000.580: require('vim.lsp.protocol')
010.829  000.286  000.286: require('vim.lsp._snippet_grammar')
010.883  000.051  000.051: require('vim.highlight')
010.890  000.004  000.004: require('vim.F')
010.906  000.553  000.211: require('vim.lsp.util')
011.147  000.167  000.167: require('vim.lsp.sync')
011.158  000.250  000.083: require('vim.lsp._changetracking')
011.250  000.091  000.091: require('vim.lsp.rpc')
011.319  002.043  000.524: require('vim.lsp')
011.345  002.123  000.080: sourcing /home/remilia/.local/share/nvim/lazy/nvim-lspconfig/plugin/lspconfig.lua
011.482  000.015  000.015: sourcing /home/remilia/.local/share/nvim/lazy/todo-comments.nvim/plugin/todo.vim
012.479  000.661  000.661: require('vim.filetype')
013.009  000.024  000.024: require('luasnip.util.types')
013.013  000.060  000.036: require('luasnip.util.ext_opts')
013.142  000.051  000.051: require('luasnip.util.lazy_table')
013.195  000.051  000.051: require('luasnip.extras.filetype_functions')
013.208  000.165  000.063: require('luasnip.default_config')
013.209  000.195  000.030: require('luasnip.session')
013.212  000.555  000.300: require('luasnip.config')
013.452  000.152  000.152: require('luasnip.util.util')
013.610  000.063  000.063: require('luasnip.nodes.key_indexer')
013.616  000.163  000.100: require('luasnip.nodes.util')
013.726  000.051  000.051: require('luasnip.session.snippet_collection.source')
013.752  000.025  000.025: require('luasnip.util.table')
013.787  000.034  000.034: require('luasnip.util.auto_table')
013.792  000.175  000.065: require('luasnip.session.snippet_collection')
013.908  000.041  000.041: require('luasnip.util.select')
013.989  000.080  000.080: require('luasnip.util.time')
014.428  000.606  000.485: require('luasnip.util._builtin_vars')
014.462  000.669  000.063: require('luasnip.util.environ')
014.512  000.049  000.049: require('luasnip.util.extend_decorator')
014.596  000.038  000.038: require('luasnip.util.path')
014.657  000.031  000.031: require('luasnip.util.log')
014.660  000.063  000.032: require('luasnip.loaders.util')
014.679  000.019  000.019: require('luasnip.loaders.data')
014.723  000.043  000.043: require('luasnip.loaders.fs_watchers')
014.726  000.213  000.050: require('luasnip.loaders')
014.736  001.519  000.099: require('luasnip')
014.749  002.968  000.233: sourcing /home/remilia/.local/share/nvim/lazy/LuaSnip/plugin/luasnip.lua
014.788  000.020  000.020: sourcing /home/remilia/.local/share/nvim/lazy/LuaSnip/plugin/luasnip.vim
015.479  000.542  000.542: require('cmp.utils.api')
015.516  000.016  000.016: require('cmp.types.cmp')
015.556  000.019  000.019: require('cmp.utils.misc')
015.570  000.053  000.034: require('cmp.types.lsp')
015.584  000.013  000.013: require('cmp.types.vim')
015.585  000.104  000.022: require('cmp.types')
015.600  000.014  000.014: require('cmp.utils.highlight')
015.628  000.013  000.013: require('cmp.utils.debug')
015.631  000.030  000.018: require('cmp.utils.autocmd')
015.811  000.898  000.208: sourcing /home/remilia/.local/share/nvim/lazy/nvim-cmp/plugin/cmp.lua
016.576  000.527  000.527: require('mini.icons')
016.769  000.106  000.106: require('oil')
016.791  000.020  000.020: require('oil.ringbuf')
016.991  000.199  000.199: require('oil.config')
017.614  000.062  000.062: require('oil.fs')
017.762  000.059  000.059: require('oil.constants')
017.773  000.157  000.098: require('oil.util')
018.288  000.072  000.072: require('nvim-treesitter.utils')
019.213  000.019  000.019: require('vim.treesitter.language')
019.228  000.013  000.013: require('vim.func')
019.245  000.015  000.015: require('vim.func._memoize')
019.254  000.090  000.044: require('vim.treesitter.query')
019.272  000.017  000.017: require('vim.treesitter._range')
019.307  000.179  000.072: require('vim.treesitter.languagetree')
019.311  000.828  000.649: require('vim.treesitter')
019.545  001.255  000.427: require('nvim-treesitter.parsers')
019.648  000.016  000.016: require('nvim-treesitter.compat')
019.691  000.025  000.025: require('nvim-treesitter.ts_utils')
019.694  000.045  000.020: require('nvim-treesitter.tsrange')
019.709  000.015  000.015: require('nvim-treesitter.caching')
019.715  000.111  000.036: require('nvim-treesitter.query')
019.721  000.148  000.037: require('nvim-treesitter.configs')
019.723  000.177  000.029: require('nvim-treesitter.info')
019.751  000.027  000.027: require('nvim-treesitter.shell_command_selectors')
019.767  001.631  000.100: require('nvim-treesitter.install')
019.783  000.015  000.015: require('nvim-treesitter.statusline')
019.803  000.019  000.019: require('nvim-treesitter.query_predicates')
019.804  001.842  000.176: require('nvim-treesitter')
020.043  002.107  000.265: sourcing /home/remilia/.local/share/nvim/lazy/nvim-treesitter/plugin/nvim-treesitter.lua
020.410  000.018  000.018: require('lib.log')
020.443  000.031  000.031: require('deps.msgpack')
020.518  000.074  000.074: require('deps.serpent')
020.534  000.015  000.015: require('presence.file_explorers')
020.587  000.052  000.052: require('presence.file_assets')
020.600  000.012  000.012: require('presence.plugin_managers')
020.632  000.014  000.014: require('deps.struct')
020.634  000.034  000.020: require('presence.discord')
020.638  000.400  000.164: require('presence')
021.125  000.014  000.014: sourcing /home/remilia/.local/share/nvim/lazy/presence.nvim/autoload/presence.vim
022.176  001.955  001.542: sourcing /home/remilia/.local/share/nvim/lazy/presence.nvim/plugin/presence.vim
022.453  000.026  000.026: sourcing /home/remilia/.local/share/nvim/lazy/nvim-web-devicons/plugin/nvim-web-devicons.vim
022.604  000.063  000.063: require('codeium')
022.683  000.027  000.027: require('codeium.enums')
022.904  000.025  000.025: require('plenary.bit')
022.959  000.053  000.053: require('plenary.functional')
022.981  000.171  000.092: require('plenary.path')
023.025  000.244  000.073: require('plenary.log')
023.059  000.297  000.053: require('codeium.log')
023.061  000.320  000.023: require('codeium.notify')
023.062  000.350  000.030: require('codeium.config')
023.151  000.047  000.047: require('plenary.job')
023.188  000.036  000.036: require('plenary.curl')
023.192  000.128  000.046: require('codeium.io')
023.193  000.509  000.030: require('codeium.util')
023.332  000.035  000.035: require('cmp.utils.char')
023.336  000.058  000.023: require('cmp.utils.str')
023.403  000.015  000.015: require('cmp.utils.buffer')
023.407  000.049  000.034: require('cmp.utils.keymap')
023.410  000.073  000.024: require('cmp.utils.feedkeys')
023.511  000.034  000.034: require('cmp.config.mapping')
023.530  000.018  000.018: require('cmp.utils.cache')
023.598  000.037  000.037: require('cmp.config.compare')
023.599  000.066  000.029: require('cmp.config.default')
023.611  000.168  000.050: require('cmp.config')
023.628  000.218  000.050: require('cmp.utils.async')
023.670  000.018  000.018: require('cmp.utils.pattern')
023.671  000.042  000.024: require('cmp.context')
023.988  000.147  000.147: require('cmp.matcher')
023.999  000.296  000.149: require('cmp.entry')
024.007  000.335  000.039: require('cmp.source')
024.147  000.087  000.087: require('cmp.utils.event')
024.275  000.050  000.050: require('cmp.utils.options')
024.281  000.101  000.051: require('cmp.utils.window')
024.282  000.134  000.033: require('cmp.view.docs_view')
024.397  000.113  000.113: require('cmp.view.custom_entries_view')
024.460  000.063  000.063: require('cmp.view.wildmenu_entries_view')
024.539  000.077  000.077: require('cmp.view.native_entries_view')
024.613  000.073  000.073: require('cmp.view.ghost_text_view')
024.624  000.616  000.068: require('cmp.view')
024.954  001.720  000.378: require('cmp.core')
025.127  000.071  000.071: require('cmp.config.sources')
025.162  000.033  000.033: require('cmp.config.window')
025.205  002.010  000.187: require('cmp')
025.207  002.583  000.037: require('codeium.source')
025.449  000.159  000.159: require('codeium.versions')
025.496  000.045  000.045: require('codeium.update')
025.505  000.296  000.092: require('codeium.api')
025.624  000.085  000.085: require('vim.health')
025.626  000.121  000.035: require('codeium.health')
027.042  000.239  000.239: require('codeium.virtual_text')
027.189  004.680  001.378: sourcing /home/remilia/.config/nvim/plugin/codeium.lua
028.171  000.053  000.053: require('material.util.config')
028.179  000.230  000.177: require('material.colors')
028.218  000.037  000.037: require('material.highlights.plugins')
028.278  000.060  000.060: require('material.functions')
028.326  000.047  000.047: require('material.colors.conditionals')
028.336  000.562  000.188: require('material.highlights')
028.338  000.633  000.071: require('material.util')
028.698  001.027  000.395: sourcing /home/remilia/.local/share/nvim/lazy/material.nvim/colors/material.lua
028.929  001.708  000.681: sourcing /home/remilia/.config/nvim/plugin/colorschemes.lua
029.543  000.099  000.099: sourcing /home/remilia/.local/share/nvim/lazy/dashboard-nvim/plugin/dashboard.lua
030.180  000.510  000.510: require('dashboard.utils')
030.195  001.046  000.437: require('dashboard')
030.309  001.356  000.310: sourcing /home/remilia/.config/nvim/plugin/dashboard.lua
031.459  001.126  001.126: sourcing /home/remilia/.config/nvim/plugin/discord.lua
032.412  000.464  000.464: require('gitsigns.async')
032.447  000.033  000.033: require('gitsigns.debug.log')
032.529  000.081  000.081: require('gitsigns.config')
032.533  000.803  000.225: require('gitsigns')
032.632  000.057  000.057: require('gitsigns.highlight')
032.982  000.028  000.028: require('gitsigns.debounce')
032.989  001.418  000.530: sourcing /home/remilia/.config/nvim/plugin/gitsigns.lua
033.094  000.024  000.024: require('mason-core.path')
033.195  000.048  000.048: require('mason-core.functional')
033.262  000.023  000.023: require('mason-core.functional.data')
033.266  000.064  000.042: require('mason-core.functional.function')
033.311  000.027  000.027: require('mason-core.functional.relation')
033.348  000.032  000.032: require('mason-core.functional.logic')
033.357  000.262  000.090: require('mason-core.platform')
033.404  000.045  000.045: require('mason.settings')
033.406  000.357  000.026: require('mason')
033.540  000.065  000.065: require('mason-core.functional.list')
033.584  000.042  000.042: require('mason-core.functional.string')
033.595  000.175  000.068: require('mason.api.command')
033.630  000.031  000.031: require('mason-registry.sources')
033.705  000.042  000.042: require('mason-core.log')
033.721  000.015  000.015: require('mason-lspconfig.settings')
033.723  000.088  000.032: require('mason-lspconfig')
033.768  000.014  000.014: require('mason-lspconfig.notify')
033.770  000.041  000.027: require('mason-lspconfig.lspconfig_hook')
033.859  000.088  000.088: require('lspconfig.util')
033.929  000.026  000.026: require('mason-core.functional.table')
033.950  000.090  000.064: require('mason-lspconfig.mappings.server')
033.995  000.015  000.015: require('mason-core.EventEmitter')
034.011  000.016  000.016: require('mason-core.optional')
034.062  000.022  000.022: require('mason-core.async')
034.093  000.030  000.030: require('mason-core.async.uv')
034.097  000.084  000.032: require('mason-core.fs')
034.106  000.155  000.041: require('mason-registry')
034.122  000.014  000.014: require('mason-lspconfig.server_config_extensions')
034.172  000.015  000.015: require('lspconfig.async')
034.173  000.051  000.036: require('lspconfig.configs')
034.198  000.024  000.024: require('lspconfig.server_configurations.omnisharp')
034.254  000.018  000.018: require('mason-lspconfig.ensure_installed')
034.308  000.019  000.019: require('mason-core.result')
034.452  000.083  000.083: require('mason-core.process')
034.534  000.082  000.082: require('mason-core.spawn')
034.538  000.203  000.038: require('mason-core.managers.powershell')
034.564  000.025  000.025: require('mason.version')
034.565  000.257  000.029: require('mason-core.fetch')
034.599  000.033  000.033: require('mason-core.providers')
034.713  000.052  000.052: require('mason-core.purl')
034.719  000.096  000.044: require('mason-core.package')
034.830  000.032  000.032: require('mason-core.installer.registry.expr')
034.836  000.074  000.041: require('mason-core.installer.registry.link')
035.030  000.037  000.037: require('mason-core.receipt')
035.043  000.093  000.055: require('mason-core.installer.context')
035.066  000.022  000.022: require('mason-core.async.control')
035.095  000.027  000.027: require('mason-core.installer.linker')
035.097  000.192  000.050: require('mason-core.installer')
035.119  000.253  000.061: require('mason-core.installer.managers.std')
035.120  000.284  000.030: require('mason-core.installer.registry.schemas')
035.145  000.024  000.024: require('mason-core.installer.registry.util')
035.156  000.436  000.055: require('mason-core.installer.registry')
035.159  000.559  000.027: require('mason-registry.sources.util')
035.166  000.900  000.032: require('mason-registry.sources.github')
038.037  000.031  000.031: require('mason-core.functional.number')
038.052  000.079  000.048: require('mason-lspconfig.api.command')
038.097  000.021  000.021: require('cmp_nvim_lsp.source')
038.098  000.045  000.024: require('cmp_nvim_lsp')
038.119  000.019  000.019: require('lspconfig')
038.141  000.021  000.021: require('lspconfig.server_configurations.lua_ls')
038.397  000.033  000.033: require('lspconfig.manager')
038.423  000.023  000.023: require('lspconfig.server_configurations.clangd')
039.296  006.288  004.038: sourcing /home/remilia/.config/nvim/plugin/lsp.lua
039.479  000.031  000.031: require('lualine_require')
039.675  000.308  000.277: require('lualine')
042.173  000.037  000.037: require('lualine.utils.mode')
042.302  002.971  002.626: sourcing /home/remilia/.config/nvim/plugin/lualine.lua
042.922  000.581  000.581: sourcing /home/remilia/.config/nvim/plugin/oil.lua
043.024  000.029  000.029: require('telescope._extensions')
043.026  000.063  000.034: require('telescope')
043.270  000.143  000.143: require('plenary.strings')
043.299  000.028  000.028: require('telescope.deprecated')
043.464  000.111  000.111: require('telescope.log')
043.611  000.062  000.062: require('telescope.state')
043.628  000.162  000.100: require('telescope.utils')
043.633  000.333  000.060: require('telescope.sorters')
045.561  002.534  002.030: require('telescope.config')
046.280  000.129  000.129: require('telescope.builtin')
046.313  003.370  000.644: sourcing /home/remilia/.config/nvim/plugin/telescope.lua
046.489  000.043  000.043: require('todo-comments.util')
046.499  000.092  000.049: require('todo-comments.config')
046.601  000.074  000.074: require('todo-comments.highlight')
046.605  000.105  000.031: require('todo-comments.jump')
046.607  000.232  000.035: require('todo-comments')
046.622  000.275  000.043: sourcing /home/remilia/.config/nvim/plugin/todocomments.lua
047.919  000.067  000.067: require('nvim-treesitter.highlight')
047.962  001.319  001.252: sourcing /home/remilia/.config/nvim/plugin/treesitter.lua
048.118  000.039  000.039: sourcing /usr/share/nvim/runtime/plugin/editorconfig.lua
048.255  000.122  000.122: sourcing /usr/share/nvim/runtime/plugin/gzip.vim
048.309  000.043  000.043: sourcing /usr/share/nvim/runtime/plugin/man.lua
048.786  000.201  000.201: sourcing /usr/share/nvim/runtime/pack/dist/opt/matchit/plugin/matchit.vim
048.805  000.481  000.281: sourcing /usr/share/nvim/runtime/plugin/matchit.vim
048.955  000.132  000.132: sourcing /usr/share/nvim/runtime/plugin/matchparen.vim
048.988  000.016  000.016: sourcing /usr/share/nvim/runtime/plugin/netrwPlugin.vim
049.050  000.049  000.049: sourcing /usr/share/nvim/runtime/plugin/osc52.lua
049.192  000.111  000.111: sourcing /usr/share/nvim/runtime/plugin/rplugin.vim
049.257  000.044  000.044: sourcing /usr/share/nvim/runtime/plugin/shada.vim
049.298  000.010  000.010: sourcing /usr/share/nvim/runtime/plugin/spellfile.vim
049.372  000.053  000.053: sourcing /usr/share/nvim/runtime/plugin/tarPlugin.vim
049.418  000.030  000.030: sourcing /usr/share/nvim/runtime/plugin/tohtml.lua
049.438  000.009  000.009: sourcing /usr/share/nvim/runtime/plugin/tutor.vim
049.538  000.084  000.084: sourcing /usr/share/nvim/runtime/plugin/zipPlugin.vim
049.681  000.035  000.035: sourcing /home/remilia/.local/share/nvim/lazy/cmp-nvim-lsp/after/plugin/cmp_nvim_lsp.lua
049.710  045.125  004.685: require('main.lazy')
049.712  045.781  000.452: require('main')
049.714  045.797  000.017: sourcing /home/remilia/.config/nvim/init.lua
049.719  000.606: sourcing vimrc file(s)
049.920  000.029  000.029: sourcing /usr/share/nvim/runtime/filetype.lua
050.047  000.044  000.044: sourcing /usr/share/nvim/runtime/syntax/synload.vim
050.125  000.181  000.137: sourcing /usr/share/nvim/runtime/syntax/syntax.vim
050.135  000.206: inits 3
051.729  001.594: reading ShaDa
051.962  000.070  000.070: require('luasnip.util.directed_graph')
052.012  000.048  000.048: require('luasnip.session.enqueueable_operations')
052.018  000.211  000.093: require('luasnip.loaders.from_lua')
052.456  000.055  000.055: require('luasnip.util.events')
052.471  000.187  000.132: require('luasnip.nodes.node')
052.559  000.086  000.086: require('luasnip.nodes.insertNode')
052.595  000.036  000.036: require('luasnip.nodes.textNode')
052.867  000.271  000.271: require('luasnip.util.mark')
052.981  000.112  000.112: require('luasnip.util.pattern_tokenizer')
053.067  000.085  000.085: require('luasnip.util.dict')
053.742  000.594  000.594: require('luasnip.util.jsregexp')
053.749  000.681  000.088: require('luasnip.nodes.util.trig_engines')
053.821  001.646  000.188: require('luasnip.nodes.snippet')
053.827  001.698  000.052: require('luasnip.nodes.duplicate')
053.834  001.755  000.057: require('luasnip.loaders.snippet_cache')
053.851  001.831  000.076: require('luasnip.loaders.from_snipmate')
054.518  000.511  000.511: require('luasnip.util.jsonc')
054.560  000.707  000.195: require('luasnip.loaders.from_vscode')
054.600  000.122: opening buffers
054.777  000.177: BufEnter autocommands
054.779  000.002: editing files in windows
054.834  000.055: VimEnter autocommands
058.897  000.419  000.419: require('dashboard.theme.hyper')
059.061  003.809: UIEnter autocommands
059.330  000.180  000.180: sourcing /usr/share/nvim/runtime/autoload/provider/clipboard.vim
059.336  000.094: before starting main loop
059.498  000.162: first screen update
059.499  000.001: --- NVIM STARTED ---

--- Startup times for process: Primary/TUI ---

times in msec
 clock   self+sourced   self:  sourced script
 clock   elapsed:              other lines

000.006  000.006: --- NVIM STARTING ---
000.226  000.220: event init
000.370  000.143: early init
000.435  000.066: locale set
000.509  000.074: init first window
000.969  000.460: inits 1
000.980  000.010: window checked
000.983  000.003: parsing arguments
001.825  000.071  000.071: require('vim.shared')
001.971  000.069  000.069: require('vim.inspect')
002.063  000.068  000.068: require('vim._options')
002.067  000.235  000.098: require('vim._editor')
002.069  000.363  000.056: require('vim._init_packages')
002.072  000.726: init lua interpreter
002.972  000.900: --- NVIM STARTED ---

--- Startup times for process: Embedded ---

times in msec
 clock   self+sourced   self:  sourced script
 clock   elapsed:              other lines

000.001  000.001: --- NVIM STARTING ---
000.235  000.234: event init
000.380  000.145: early init
000.450  000.069: locale set
000.521  000.071: init first window
001.038  000.517: inits 1
001.060  000.022: window checked
001.063  000.004: parsing arguments
001.961  000.074  000.074: require('vim.shared')
002.163  000.076  000.076: require('vim.inspect')
002.241  000.054  000.054: require('vim._options')
002.244  000.277  000.147: require('vim._editor')
002.246  000.472  000.121: require('vim._init_packages')
002.249  000.715: init lua interpreter
002.353  000.104: expanding arguments
002.374  000.021: inits 2
002.763  000.389: init highlight
002.764  000.001: waiting for UI
002.875  000.111: done waiting for UI
002.880  000.005: clear screen
002.985  000.008  000.008: require('vim.keymap')
003.778  000.895  000.887: require('vim._defaults')
003.781  000.006: init default mappings & autocommands
004.394  000.059  000.059: sourcing /usr/share/nvim/runtime/ftplugin.vim
004.450  000.030  000.030: sourcing /usr/share/nvim/runtime/indent.vim
004.585  000.082  000.082: sourcing /usr/share/nvim/archlinux.lua
004.588  000.112  000.030: sourcing /etc/xdg/nvim/sysinit.vim
005.177  000.117  000.117: require('main.set')
005.251  000.072  000.072: require('main.binds')
006.005  000.595  000.595: require('lazy')
006.048  000.022  000.022: require('ffi')
006.100  000.023  000.023: require('vim.fs')
006.265  000.109  000.109: require('vim.uri')
006.276  000.224  000.092: require('vim.loader')
006.597  000.304  000.304: require('lazy.stats')
006.758  000.139  000.139: require('lazy.core.util')
006.884  000.124  000.124: require('lazy.core.config')
007.029  000.056  000.056: require('lazy.core.handler')
007.169  000.138  000.138: require('lazy.core.plugin')
007.191  000.305  000.111: require('lazy.core.loader')
008.215  000.138  000.138: require('lazy.core.handler.keys')
008.422  000.146  000.146: require('lazy.core.handler.event')
008.424  000.205  000.059: require('lazy.core.handler.ft')
008.525  000.098  000.098: require('lazy.core.handler.cmd')
008.720  000.106  000.106: sourcing /usr/share/nvim/runtime/filetype.lua
009.182  000.038  000.038: require('lib.log')
009.218  000.035  000.035: require('deps.msgpack')
009.314  000.095  000.095: require('deps.serpent')
009.338  000.022  000.022: require('presence.file_explorers')
009.457  000.118  000.118: require('presence.file_assets')
009.528  000.071  000.071: require('presence.plugin_managers')
009.619  000.040  000.040: require('deps.struct')
009.625  000.096  000.055: require('presence.discord')
009.633  000.828  000.354: require('presence')
010.001  000.016  000.016: sourcing /home/remilia/.local/share/nvim/lazy/presence.nvim/autoload/presence.vim
011.011  002.226  001.381: sourcing /home/remilia/.local/share/nvim/lazy/presence.nvim/plugin/presence.vim
012.442  001.147  001.147: require('vim.filetype')
012.909  000.036  000.036: require('luasnip.util.types')
012.912  000.081  000.045: require('luasnip.util.ext_opts')
012.986  000.016  000.016: require('luasnip.util.lazy_table')
013.008  000.021  000.021: require('luasnip.extras.filetype_functions')
013.015  000.076  000.039: require('luasnip.default_config')
013.017  000.103  000.027: require('luasnip.session')
013.018  000.390  000.206: require('luasnip.config')
013.155  000.049  000.049: require('luasnip.util.util')
013.231  000.018  000.018: require('luasnip.nodes.key_indexer')
013.235  000.078  000.061: require('luasnip.nodes.util')
013.329  000.040  000.040: require('luasnip.session.snippet_collection.source')
013.347  000.017  000.017: require('luasnip.util.table')
013.388  000.040  000.040: require('luasnip.util.auto_table')
013.395  000.160  000.062: require('luasnip.session.snippet_collection')
013.478  000.026  000.026: require('luasnip.util.select')
013.497  000.018  000.018: require('luasnip.util.time')
013.686  000.266  000.221: require('luasnip.util._builtin_vars')
013.716  000.320  000.055: require('luasnip.util.environ')
013.742  000.025  000.025: require('luasnip.util.extend_decorator')
013.823  000.049  000.049: require('luasnip.util.path')
013.902  000.043  000.043: require('luasnip.util.log')
013.906  000.082  000.039: require('luasnip.loaders.util')
013.929  000.004  000.004: require('vim.F')
013.932  000.026  000.022: require('luasnip.loaders.data')
013.991  000.058  000.058: require('luasnip.loaders.fs_watchers')
013.993  000.250  000.035: require('luasnip.loaders')
014.007  000.979  000.097: require('luasnip')
014.033  002.824  000.308: sourcing /home/remilia/.local/share/nvim/lazy/LuaSnip/plugin/luasnip.lua
014.082  000.021  000.021: sourcing /home/remilia/.local/share/nvim/lazy/LuaSnip/plugin/luasnip.vim
014.268  000.023  000.023: sourcing /home/remilia/.local/share/nvim/lazy/plenary.nvim/plugin/plenary.vim
014.784  000.364  000.364: require('cmp.utils.api')
014.850  000.029  000.029: require('cmp.types.cmp')
014.930  000.041  000.041: require('cmp.utils.misc')
014.963  000.112  000.070: require('cmp.types.lsp')
015.005  000.041  000.041: require('cmp.types.vim')
015.006  000.221  000.039: require('cmp.types')
015.035  000.028  000.028: require('cmp.utils.highlight')
015.218  000.044  000.044: require('cmp.utils.debug')
015.223  000.187  000.143: require('cmp.utils.autocmd')
015.417  001.065  000.265: sourcing /home/remilia/.local/share/nvim/lazy/nvim-cmp/plugin/cmp.lua
015.573  000.025  000.025: sourcing /home/remilia/.local/share/nvim/lazy/nvim-web-devicons/plugin/nvim-web-devicons.vim
016.507  000.082  000.082: require('nvim-treesitter.utils')
017.248  000.040  000.040: require('vim.treesitter.language')
017.264  000.013  000.013: require('vim.func')
017.290  000.024  000.024: require('vim.func._memoize')
017.299  000.124  000.046: require('vim.treesitter.query')
017.340  000.040  000.040: require('vim.treesitter._range')
017.346  000.208  000.044: require('vim.treesitter.languagetree')
017.350  000.433  000.225: require('vim.treesitter')
017.598  001.088  000.655: require('nvim-treesitter.parsers')
017.705  000.016  000.016: require('nvim-treesitter.compat')
017.749  000.025  000.025: require('nvim-treesitter.ts_utils')
017.752  000.045  000.020: require('nvim-treesitter.tsrange')
017.775  000.023  000.023: require('nvim-treesitter.caching')
017.780  000.113  000.029: require('nvim-treesitter.query')
017.787  000.151  000.038: require('nvim-treesitter.configs')
017.789  000.190  000.039: require('nvim-treesitter.info')
017.820  000.031  000.031: require('nvim-treesitter.shell_command_selectors')
017.835  001.498  000.107: require('nvim-treesitter.install')
017.862  000.025  000.025: require('nvim-treesitter.statusline')
017.883  000.021  000.021: require('nvim-treesitter.query_predicates')
017.885  002.045  000.501: require('nvim-treesitter')
018.091  002.297  000.252: sourcing /home/remilia/.local/share/nvim/lazy/nvim-treesitter/plugin/nvim-treesitter.lua
018.483  000.134  000.134: sourcing /home/remilia/.local/share/nvim/lazy/telescope.nvim/plugin/telescope.lua
018.635  000.013  000.013: sourcing /home/remilia/.local/share/nvim/lazy/todo-comments.nvim/plugin/todo.vim
019.829  000.996  000.996: require('mini.icons')
020.109  000.152  000.152: require('oil')
020.184  000.073  000.073: require('oil.ringbuf')
020.241  000.056  000.056: require('oil.config')
021.167  000.168  000.168: require('oil.fs')
021.305  000.022  000.022: require('oil.constants')
021.311  000.142  000.121: require('oil.util')
021.591  000.082  000.082: require('vim.lsp.log')
021.836  000.242  000.242: require('vim.lsp.protocol')
022.017  000.087  000.087: require('vim.lsp._snippet_grammar')
022.047  000.028  000.028: require('vim.highlight')
022.057  000.219  000.104: require('vim.lsp.util')
022.104  000.022  000.022: require('vim.lsp.sync')
022.108  000.049  000.028: require('vim.lsp._changetracking')
022.177  000.068  000.068: require('vim.lsp.rpc')
022.220  000.818  000.158: require('vim.lsp')
022.240  000.865  000.047: sourcing /home/remilia/.local/share/nvim/lazy/nvim-lspconfig/plugin/lspconfig.lua
022.664  000.021  000.021: require('codeium')
022.741  000.021  000.021: require('codeium.enums')
022.893  000.018  000.018: require('plenary.bit')
022.909  000.016  000.016: require('plenary.functional')
022.929  000.093  000.060: require('plenary.path')
022.970  000.156  000.063: require('plenary.log')
022.981  000.183  000.027: require('codeium.log')
022.983  000.199  000.016: require('codeium.notify')
022.984  000.219  000.020: require('codeium.config')
023.043  000.030  000.030: require('plenary.job')
023.069  000.025  000.025: require('plenary.curl')
023.072  000.087  000.032: require('codeium.io')
023.073  000.331  000.025: require('codeium.util')
023.268  000.046  000.046: require('cmp.utils.char')
023.272  000.076  000.030: require('cmp.utils.str')
023.343  000.018  000.018: require('cmp.utils.buffer')
023.347  000.052  000.035: require('cmp.utils.keymap')
023.349  000.076  000.024: require('cmp.utils.feedkeys')
023.431  000.028  000.028: require('cmp.config.mapping')
023.448  000.016  000.016: require('cmp.utils.cache')
023.503  000.028  000.028: require('cmp.config.compare')
023.504  000.055  000.028: require('cmp.config.default')
023.512  000.134  000.035: require('cmp.config')
023.519  000.170  000.036: require('cmp.utils.async')
023.557  000.017  000.017: require('cmp.utils.pattern')
023.559  000.039  000.022: require('cmp.context')
023.657  000.022  000.022: require('cmp.matcher')
023.661  000.068  000.046: require('cmp.entry')
023.665  000.105  000.037: require('cmp.source')
023.712  000.017  000.017: require('cmp.utils.event')
023.783  000.017  000.017: require('cmp.utils.options')
023.786  000.050  000.034: require('cmp.utils.window')
023.788  000.076  000.025: require('cmp.view.docs_view')
023.832  000.044  000.044: require('cmp.view.custom_entries_view')
023.868  000.035  000.035: require('cmp.view.wildmenu_entries_view')
023.920  000.052  000.052: require('cmp.view.native_entries_view')
023.966  000.045  000.045: require('cmp.view.ghost_text_view')
023.976  000.310  000.043: require('cmp.view')
024.457  001.318  000.542: require('cmp.core')
024.569  000.035  000.035: require('cmp.config.sources')
024.598  000.028  000.028: require('cmp.config.window')
024.642  001.567  000.186: require('cmp')
024.644  001.949  000.030: require('codeium.source')
024.795  000.093  000.093: require('codeium.versions')
024.838  000.042  000.042: require('codeium.update')
024.846  000.201  000.067: require('codeium.api')
024.944  000.068  000.068: require('vim.health')
024.946  000.099  000.032: require('codeium.health')
026.677  000.229  000.229: require('codeium.virtual_text')
026.814  004.191  001.692: sourcing /home/remilia/.config/nvim/plugin/codeium.lua
027.731  000.050  000.050: require('material.util.config')
027.740  000.245  000.195: require('material.colors')
027.780  000.039  000.039: require('material.highlights.plugins')
027.830  000.049  000.049: require('material.functions')
027.863  000.032  000.032: require('material.colors.conditionals')
027.876  000.570  000.205: require('material.highlights')
027.879  000.617  000.047: require('material.util')
028.225  000.993  000.376: sourcing /home/remilia/.local/share/nvim/lazy/material.nvim/colors/material.lua
028.386  001.542  000.549: sourcing /home/remilia/.config/nvim/plugin/colorschemes.lua
028.736  000.075  000.075: sourcing /home/remilia/.local/share/nvim/lazy/dashboard-nvim/plugin/dashboard.lua
029.128  000.304  000.304: require('dashboard.utils')
029.136  000.658  000.280: require('dashboard')
029.163  000.754  000.095: sourcing /home/remilia/.config/nvim/plugin/dashboard.lua
030.211  001.031  001.031: sourcing /home/remilia/.config/nvim/plugin/discord.lua
031.210  000.737  000.737: require('gitsigns.async')
031.402  000.189  000.189: require('gitsigns.debug.log')
032.201  000.798  000.798: require('gitsigns.config')
032.216  001.889  000.164: require('gitsigns')
032.693  000.403  000.403: require('gitsigns.highlight')
033.289  000.035  000.035: require('gitsigns.debounce')
033.297  003.034  000.707: sourcing /home/remilia/.config/nvim/plugin/gitsigns.lua
033.390  000.022  000.022: require('mason-core.path')
033.466  000.046  000.046: require('mason-core.functional')
033.511  000.018  000.018: require('mason-core.functional.data')
033.515  000.042  000.024: require('mason-core.functional.function')
033.541  000.019  000.019: require('mason-core.functional.relation')
033.564  000.019  000.019: require('mason-core.functional.logic')
033.576  000.185  000.059: require('mason-core.platform')
033.604  000.028  000.028: require('mason.settings')
033.606  000.260  000.026: require('mason')
033.680  000.027  000.027: require('mason-core.functional.list')
033.702  000.020  000.020: require('mason-core.functional.string')
033.715  000.097  000.050: require('mason.api.command')
033.744  000.025  000.025: require('mason-registry.sources')
033.807  000.033  000.033: require('mason-core.log')
033.825  000.016  000.016: require('mason-lspconfig.settings')
033.827  000.076  000.026: require('mason-lspconfig')
033.896  000.015  000.015: require('mason-lspconfig.notify')
033.899  000.038  000.022: require('mason-lspconfig.lspconfig_hook')
034.002  000.102  000.102: require('lspconfig.util')
034.067  000.023  000.023: require('mason-core.functional.table')
034.093  000.090  000.066: require('mason-lspconfig.mappings.server')
034.133  000.017  000.017: require('mason-core.EventEmitter')
034.151  000.018  000.018: require('mason-core.optional')
034.197  000.023  000.023: require('mason-core.async')
034.212  000.014  000.014: require('mason-core.async.uv')
034.216  000.064  000.026: require('mason-core.fs')
034.226  000.133  000.034: require('mason-registry')
034.247  000.020  000.020: require('mason-lspconfig.server_config_extensions')
034.293  000.018  000.018: require('lspconfig.async')
034.295  000.046  000.029: require('lspconfig.configs')
034.324  000.028  000.028: require('lspconfig.server_configurations.omnisharp')
034.370  000.018  000.018: require('mason-lspconfig.ensure_installed')
034.420  000.022  000.022: require('mason-core.result')
034.519  000.058  000.058: require('mason-core.process')
034.557  000.037  000.037: require('mason-core.spawn')
034.559  000.116  000.021: require('mason-core.managers.powershell')
034.577  000.016  000.016: require('mason.version')
034.578  000.157  000.024: require('mason-core.fetch')
034.597  000.018  000.018: require('mason-core.providers')
034.689  000.045  000.045: require('mason-core.purl')
034.695  000.081  000.036: require('mason-core.package')
034.777  000.023  000.023: require('mason-core.installer.registry.expr')
034.781  000.057  000.034: require('mason-core.installer.registry.link')
034.942  000.025  000.025: require('mason-core.receipt')
034.956  000.069  000.044: require('mason-core.installer.context')
034.979  000.022  000.022: require('mason-core.async.control')
035.001  000.021  000.021: require('mason-core.installer.linker')
035.004  000.146  000.034: require('mason-core.installer')
035.015  000.188  000.043: require('mason-core.installer.managers.std')
035.016  000.234  000.046: require('mason-core.installer.registry.schemas')
035.036  000.019  000.019: require('mason-core.installer.registry.util')
035.053  000.358  000.048: require('mason-core.installer.registry')
035.055  000.457  000.018: require('mason-registry.sources.util')
035.060  000.686  000.032: require('mason-registry.sources.github')
038.023  000.017  000.017: require('mason-core.functional.number')
038.036  000.061  000.044: require('mason-lspconfig.api.command')
038.087  000.023  000.023: require('cmp_nvim_lsp.source')
038.089  000.052  000.029: require('cmp_nvim_lsp')
038.154  000.063  000.063: require('lspconfig')
038.177  000.021  000.021: require('lspconfig.server_configurations.lua_ls')
038.472  000.033  000.033: require('lspconfig.manager')
038.499  000.024  000.024: require('lspconfig.server_configurations.clangd')
039.390  006.064  004.189: sourcing /home/remilia/.config/nvim/plugin/lsp.lua
039.546  000.030  000.030: require('lualine_require')
039.739  000.294  000.264: require('lualine')
041.984  000.047  000.047: require('lualine.utils.mode')
042.077  002.654  002.314: sourcing /home/remilia/.config/nvim/plugin/lualine.lua
042.789  000.675  000.675: sourcing /home/remilia/.config/nvim/plugin/oil.lua
042.899  000.029  000.029: require('telescope._extensions')
042.902  000.065  000.036: require('telescope')
043.171  000.155  000.155: require('plenary.strings')
043.205  000.033  000.033: require('telescope.deprecated')
043.368  000.095  000.095: require('telescope.log')
043.513  000.072  000.072: require('telescope.state')
043.520  000.150  000.078: require('telescope.utils')
043.525  000.319  000.073: require('telescope.sorters')
044.746  001.843  001.335: require('telescope.config')
046.048  000.778  000.778: require('telescope.builtin')
046.078  003.266  000.582: sourcing /home/remilia/.config/nvim/plugin/telescope.lua
046.249  000.041  000.041: require('todo-comments.util')
046.259  000.093  000.052: require('todo-comments.config')
046.364  000.074  000.074: require('todo-comments.highlight')
046.367  000.107  000.033: require('todo-comments.jump')
046.369  000.235  000.035: require('todo-comments')
046.379  000.276  000.041: sourcing /home/remilia/.config/nvim/plugin/todocomments.lua
047.773  000.038  000.038: require('nvim-treesitter.highlight')
047.835  001.440  001.402: sourcing /home/remilia/.config/nvim/plugin/treesitter.lua
047.939  000.037  000.037: sourcing /usr/share/nvim/runtime/plugin/editorconfig.lua
048.086  000.121  000.121: sourcing /usr/share/nvim/runtime/plugin/gzip.vim
048.139  000.042  000.042: sourcing /usr/share/nvim/runtime/plugin/man.lua
048.634  000.191  000.191: sourcing /usr/share/nvim/runtime/pack/dist/opt/matchit/plugin/matchit.vim
048.654  000.499  000.308: sourcing /usr/share/nvim/runtime/plugin/matchit.vim
048.793  000.107  000.107: sourcing /usr/share/nvim/runtime/plugin/matchparen.vim
048.833  000.010  000.010: sourcing /usr/share/nvim/runtime/plugin/netrwPlugin.vim
048.973  000.122  000.122: sourcing /usr/share/nvim/runtime/plugin/osc52.lua
049.116  000.119  000.119: sourcing /usr/share/nvim/runtime/plugin/rplugin.vim
049.180  000.048  000.048: sourcing /usr/share/nvim/runtime/plugin/shada.vim
049.209  000.010  000.010: sourcing /usr/share/nvim/runtime/plugin/spellfile.vim
049.278  000.057  000.057: sourcing /usr/share/nvim/runtime/plugin/tarPlugin.vim
049.378  000.084  000.084: sourcing /usr/share/nvim/runtime/plugin/tohtml.lua
049.402  000.009  000.009: sourcing /usr/share/nvim/runtime/plugin/tutor.vim
049.514  000.102  000.102: sourcing /usr/share/nvim/runtime/plugin/zipPlugin.vim
049.678  000.050  000.050: sourcing /home/remilia/.local/share/nvim/lazy/cmp-nvim-lsp/after/plugin/cmp_nvim_lsp.lua
049.713  044.460  004.773: require('main.lazy')
049.715  045.093  000.444: require('main')
049.716  045.105  000.012: sourcing /home/remilia/.config/nvim/init.lua
049.722  000.636: sourcing vimrc file(s)
049.932  000.034  000.034: sourcing /usr/share/nvim/runtime/filetype.lua
050.057  000.042  000.042: sourcing /usr/share/nvim/runtime/syntax/synload.vim
050.141  000.185  000.143: sourcing /usr/share/nvim/runtime/syntax/syntax.vim
050.150  000.210: inits 3
051.666  001.516: reading ShaDa
051.935  000.110  000.110: require('luasnip.util.directed_graph')
051.981  000.044  000.044: require('luasnip.session.enqueueable_operations')
051.990  000.256  000.101: require('luasnip.loaders.from_lua')
052.705  000.216  000.216: require('luasnip.util.events')
052.738  000.482  000.266: require('luasnip.nodes.node')
052.995  000.256  000.256: require('luasnip.nodes.insertNode')
053.121  000.125  000.125: require('luasnip.nodes.textNode')
053.254  000.131  000.131: require('luasnip.util.mark')
053.387  000.132  000.132: require('luasnip.util.pattern_tokenizer')
053.462  000.074  000.074: require('luasnip.util.dict')
054.389  000.828  000.828: require('luasnip.util.jsregexp')
054.400  000.937  000.108: require('luasnip.nodes.util.trig_engines')
054.547  002.407  000.270: require('luasnip.nodes.snippet')
054.560  002.451  000.044: require('luasnip.nodes.duplicate')
054.582  002.520  000.069: require('luasnip.loaders.snippet_cache')
054.628  002.634  000.115: require('luasnip.loaders.from_snipmate')
055.644  000.686  000.686: require('luasnip.util.jsonc')
055.653  001.022  000.336: require('luasnip.loaders.from_vscode')
055.701  000.122: opening buffers
055.818  000.118: BufEnter autocommands
055.821  000.002: editing files in windows
055.847  000.027: VimEnter autocommands
057.799  000.097  000.097: require('dashboard.theme.hyper')
057.851  001.907: UIEnter autocommands
058.105  000.182  000.182: sourcing /usr/share/nvim/runtime/autoload/provider/clipboard.vim
058.110  000.077: before starting main loop
058.277  000.167: first screen update
058.278  000.001: --- NVIM STARTED ---

